{"C:\\Users\\Dovid\\Dropbox\\My PC (DESKTOP-FTP4LHC)\\Documents\\PortfolioProjects\\Appointment-Reservations\\server\\src\\db.ts": {"path":"C:\\Users\\Dovid\\Dropbox\\My PC (DESKTOP-FTP4LHC)\\Documents\\PortfolioProjects\\Appointment-Reservations\\server\\src\\db.ts","statementMap":{"0":{"start":{"line":1,"column":0},"end":{"line":1,"column":49}},"1":{"start":{"line":5,"column":47},"end":{"line":5,"column":58}},"2":{"start":{"line":7,"column":18},"end":{"line":18,"column":2}},"3":{"start":{"line":20,"column":0},"end":{"line":20,"column":25}}},"fnMap":{},"branchMap":{},"s":{"0":1,"1":1,"2":1,"3":1},"f":{},"b":{}}
,"C:\\Users\\Dovid\\Dropbox\\My PC (DESKTOP-FTP4LHC)\\Documents\\PortfolioProjects\\Appointment-Reservations\\server\\src\\index.ts": {"path":"C:\\Users\\Dovid\\Dropbox\\My PC (DESKTOP-FTP4LHC)\\Documents\\PortfolioProjects\\Appointment-Reservations\\server\\src\\index.ts","statementMap":{"0":{"start":{"line":1,"column":0},"end":{"line":1,"column":30}},"1":{"start":{"line":2,"column":0},"end":{"line":2,"column":37}},"2":{"start":{"line":3,"column":0},"end":{"line":3,"column":24}},"3":{"start":{"line":4,"column":0},"end":{"line":4,"column":null}},"4":{"start":{"line":5,"column":12},"end":{"line":5,"column":21}},"5":{"start":{"line":6,"column":0},"end":{"line":6,"column":null}},"6":{"start":{"line":7,"column":0},"end":{"line":7,"column":38}},"7":{"start":{"line":8,"column":0},"end":{"line":15,"column":4}},"8":{"start":{"line":16,"column":0},"end":{"line":16,"column":68}},"9":{"start":{"line":18,"column":17},"end":{"line":18,"column":28}},"10":{"start":{"line":20,"column":0},"end":{"line":20,"column":48}},"11":{"start":{"line":21,"column":0},"end":{"line":21,"column":46}},"12":{"start":{"line":22,"column":0},"end":{"line":22,"column":54}},"13":{"start":{"line":23,"column":0},"end":{"line":23,"column":39}},"14":{"start":{"line":24,"column":0},"end":{"line":24,"column":38}},"15":{"start":{"line":25,"column":0},"end":{"line":25,"column":36}},"16":{"start":{"line":26,"column":0},"end":{"line":26,"column":44}},"17":{"start":{"line":27,"column":0},"end":{"line":27,"column":29}},"18":{"start":{"line":29,"column":0},"end":{"line":29,"column":19}},"19":{"start":{"line":31,"column":0},"end":{"line":33,"column":null}},"20":{"start":{"line":32,"column":2},"end":{"line":32,"column":null}}},"fnMap":{"0":{"name":"(anonymous_1)","decl":{"start":{"line":31,"column":17},"end":{"line":31,"column":20}},"loc":{"start":{"line":31,"column":22},"end":{"line":33,"column":1}}}},"branchMap":{},"s":{"0":1,"1":1,"2":1,"3":1,"4":1,"5":1,"6":1,"7":1,"8":1,"9":1,"10":1,"11":1,"12":1,"13":1,"14":1,"15":1,"16":1,"17":1,"18":1,"19":1,"20":1},"f":{"0":1},"b":{}}
,"C:\\Users\\Dovid\\Dropbox\\My PC (DESKTOP-FTP4LHC)\\Documents\\PortfolioProjects\\Appointment-Reservations\\server\\src\\controllers\\auth.controllers.ts": {"path":"C:\\Users\\Dovid\\Dropbox\\My PC (DESKTOP-FTP4LHC)\\Documents\\PortfolioProjects\\Appointment-Reservations\\server\\src\\controllers\\auth.controllers.ts","statementMap":{"0":{"start":{"line":2,"column":0},"end":{"line":2,"column":52}},"1":{"start":{"line":4,"column":24},"end":{"line":48,"column":null}},"2":{"start":{"line":4,"column":61},"end":{"line":48,"column":null}},"3":{"start":{"line":5,"column":4},"end":{"line":5,"column":26}},"4":{"start":{"line":6,"column":23},"end":{"line":6,"column":31}},"5":{"start":{"line":7,"column":4},"end":{"line":47,"column":null}},"6":{"start":{"line":8,"column":8},"end":{"line":41,"column":null}},"7":{"start":{"line":9,"column":29},"end":{"line":13,"column":14}},"8":{"start":{"line":14,"column":12},"end":{"line":14,"column":34}},"9":{"start":{"line":15,"column":12},"end":{"line":21,"column":null}},"10":{"start":{"line":16,"column":16},"end":{"line":16,"column":48}},"11":{"start":{"line":17,"column":16},"end":{"line":17,"column":100}},"12":{"start":{"line":20,"column":16},"end":{"line":20,"column":84}},"13":{"start":{"line":23,"column":13},"end":{"line":41,"column":null}},"14":{"start":{"line":24,"column":28},"end":{"line":28,"column":14}},"15":{"start":{"line":29,"column":12},"end":{"line":37,"column":null}},"16":{"start":{"line":30,"column":16},"end":{"line":30,"column":37}},"17":{"start":{"line":31,"column":16},"end":{"line":31,"column":46}},"18":{"start":{"line":32,"column":16},"end":{"line":32,"column":41}},"19":{"start":{"line":33,"column":16},"end":{"line":33,"column":99}},"20":{"start":{"line":36,"column":16},"end":{"line":36,"column":83}},"21":{"start":{"line":40,"column":12},"end":{"line":40,"column":74}},"22":{"start":{"line":44,"column":8},"end":{"line":46,"column":61}},"23":{"start":{"line":72,"column":8},"end":{"line":72,"column":23}},"24":{"start":{"line":50,"column":25},"end":{"line":70,"column":null}},"25":{"start":{"line":50,"column":60},"end":{"line":70,"column":null}},"26":{"start":{"line":51,"column":19},"end":{"line":51,"column":27}},"27":{"start":{"line":52,"column":4},"end":{"line":69,"column":null}},"28":{"start":{"line":53,"column":8},"end":{"line":63,"column":null}},"29":{"start":{"line":54,"column":12},"end":{"line":54,"column":45}},"30":{"start":{"line":55,"column":12},"end":{"line":55,"column":97}},"31":{"start":{"line":57,"column":13},"end":{"line":63,"column":null}},"32":{"start":{"line":58,"column":12},"end":{"line":58,"column":44}},"33":{"start":{"line":59,"column":12},"end":{"line":59,"column":96}},"34":{"start":{"line":62,"column":12},"end":{"line":62,"column":74}},"35":{"start":{"line":66,"column":8},"end":{"line":68,"column":61}},"36":{"start":{"line":72,"column":25},"end":{"line":72,"column":41}}},"fnMap":{"0":{"name":"(anonymous_7)","decl":{"start":{"line":4,"column":24},"end":{"line":4,"column":30}},"loc":{"start":{"line":4,"column":61},"end":{"line":48,"column":null}}},"1":{"name":"(anonymous_8)","decl":{"start":{"line":4,"column":61},"end":{"line":4,"column":null}},"loc":{"start":{"line":4,"column":61},"end":{"line":48,"column":1}}},"2":{"name":"(anonymous_9)","decl":{"start":{"line":50,"column":25},"end":{"line":50,"column":31}},"loc":{"start":{"line":50,"column":60},"end":{"line":70,"column":null}}},"3":{"name":"(anonymous_10)","decl":{"start":{"line":50,"column":60},"end":{"line":50,"column":null}},"loc":{"start":{"line":50,"column":60},"end":{"line":70,"column":1}}}},"branchMap":{"0":{"loc":{"start":{"line":8,"column":8},"end":{"line":41,"column":null}},"type":"if","locations":[{"start":{"line":8,"column":8},"end":{"line":41,"column":null}},{"start":{"line":23,"column":13},"end":{"line":41,"column":null}}]},"1":{"loc":{"start":{"line":15,"column":12},"end":{"line":21,"column":null}},"type":"if","locations":[{"start":{"line":15,"column":12},"end":{"line":21,"column":null}},{"start":{"line":19,"column":16},"end":{"line":21,"column":null}}]},"2":{"loc":{"start":{"line":23,"column":13},"end":{"line":41,"column":null}},"type":"if","locations":[{"start":{"line":23,"column":13},"end":{"line":41,"column":null}},{"start":{"line":39,"column":12},"end":{"line":41,"column":null}}]},"3":{"loc":{"start":{"line":29,"column":12},"end":{"line":37,"column":null}},"type":"if","locations":[{"start":{"line":29,"column":12},"end":{"line":37,"column":null}},{"start":{"line":35,"column":16},"end":{"line":37,"column":null}}]},"4":{"loc":{"start":{"line":53,"column":8},"end":{"line":63,"column":null}},"type":"if","locations":[{"start":{"line":53,"column":8},"end":{"line":63,"column":null}},{"start":{"line":57,"column":13},"end":{"line":63,"column":null}}]},"5":{"loc":{"start":{"line":57,"column":13},"end":{"line":63,"column":null}},"type":"if","locations":[{"start":{"line":57,"column":13},"end":{"line":63,"column":null}},{"start":{"line":61,"column":12},"end":{"line":63,"column":null}}]}},"s":{"0":1,"1":1,"2":1,"3":1,"4":1,"5":1,"6":1,"7":1,"8":1,"9":1,"10":1,"11":1,"12":0,"13":0,"14":0,"15":0,"16":0,"17":0,"18":0,"19":0,"20":0,"21":0,"22":0,"23":1,"24":1,"25":0,"26":0,"27":0,"28":0,"29":0,"30":0,"31":0,"32":0,"33":0,"34":0,"35":0,"36":1},"f":{"0":1,"1":1,"2":0,"3":0},"b":{"0":[1,0],"1":[1,0],"2":[0,0],"3":[0,0],"4":[0,0],"5":[0,0]}}
,"C:\\Users\\Dovid\\Dropbox\\My PC (DESKTOP-FTP4LHC)\\Documents\\PortfolioProjects\\Appointment-Reservations\\server\\src\\models\\index.ts": {"path":"C:\\Users\\Dovid\\Dropbox\\My PC (DESKTOP-FTP4LHC)\\Documents\\PortfolioProjects\\Appointment-Reservations\\server\\src\\models\\index.ts","statementMap":{"0":{"start":{"line":1,"column":0},"end":{"line":1,"column":30}},"1":{"start":{"line":3,"column":0},"end":{"line":3,"column":9}},"2":{"start":{"line":35,"column":4},"end":{"line":3,"column":36}},"3":{"start":{"line":4,"column":0},"end":{"line":4,"column":9}},"4":{"start":{"line":36,"column":4},"end":{"line":4,"column":38}},"5":{"start":{"line":5,"column":0},"end":{"line":5,"column":9}},"6":{"start":{"line":37,"column":4},"end":{"line":5,"column":62}},"7":{"start":{"line":6,"column":0},"end":{"line":6,"column":9}},"8":{"start":{"line":38,"column":4},"end":{"line":6,"column":58}},"9":{"start":{"line":8,"column":0},"end":{"line":8,"column":83}},"10":{"start":{"line":23,"column":0},"end":{"line":32,"column":5}},"11":{"start":{"line":23,"column":12},"end":{"line":32,"column":2}},"12":{"start":{"line":24,"column":4},"end":{"line":29,"column":null}},"13":{"start":{"line":25,"column":6},"end":{"line":25,"column":37}},"14":{"start":{"line":26,"column":6},"end":{"line":26,"column":67}},"15":{"start":{"line":28,"column":6},"end":{"line":28,"column":65}},"16":{"start":{"line":30,"column":4},"end":{"line":30,"column":27}}},"fnMap":{"0":{"name":"(anonymous_8)","decl":{"start":{"line":35,"column":4},"end":{"line":35,"column":11}},"loc":{"start":{"line":35,"column":4},"end":{"line":3,"column":36}}},"1":{"name":"(anonymous_9)","decl":{"start":{"line":36,"column":4},"end":{"line":36,"column":12}},"loc":{"start":{"line":36,"column":4},"end":{"line":4,"column":38}}},"2":{"name":"(anonymous_10)","decl":{"start":{"line":37,"column":4},"end":{"line":37,"column":24}},"loc":{"start":{"line":37,"column":4},"end":{"line":5,"column":62}}},"3":{"name":"(anonymous_11)","decl":{"start":{"line":38,"column":4},"end":{"line":38,"column":22}},"loc":{"start":{"line":38,"column":4},"end":{"line":6,"column":58}}},"4":{"name":"(anonymous_12)","decl":{"start":{"line":23,"column":1},"end":{"line":23,"column":10}},"loc":{"start":{"line":23,"column":12},"end":{"line":32,"column":2}}},"5":{"name":"(anonymous_13)","decl":{"start":{"line":23,"column":12},"end":{"line":23,"column":null}},"loc":{"start":{"line":23,"column":12},"end":{"line":32,"column":1}}}},"branchMap":{},"s":{"0":1,"1":1,"2":1,"3":1,"4":2,"5":1,"6":1,"7":1,"8":1,"9":1,"10":1,"11":1,"12":1,"13":1,"14":1,"15":0,"16":1},"f":{"0":0,"1":1,"2":0,"3":0,"4":1,"5":1},"b":{}}
,"C:\\Users\\Dovid\\Dropbox\\My PC (DESKTOP-FTP4LHC)\\Documents\\PortfolioProjects\\Appointment-Reservations\\server\\src\\models\\patient.ts": {"path":"C:\\Users\\Dovid\\Dropbox\\My PC (DESKTOP-FTP4LHC)\\Documents\\PortfolioProjects\\Appointment-Reservations\\server\\src\\models\\patient.ts","statementMap":{"0":{"start":{"line":1,"column":0},"end":{"line":1,"column":70}},"1":{"start":{"line":6,"column":7},"end":{"line":19,"column":null}},"2":{"start":{"line":12,"column":4},"end":{"line":12,"column":null}},"3":{"start":{"line":18,"column":4},"end":{"line":18,"column":null}},"4":{"start":{"line":6,"column":13},"end":{"line":19,"column":null}},"5":{"start":{"line":6,"column":13},"end":{"line":6,"column":20}}},"fnMap":{},"branchMap":{},"s":{"0":1,"1":1,"2":1,"3":1,"4":1,"5":1},"f":{},"b":{}}
,"C:\\Users\\Dovid\\Dropbox\\My PC (DESKTOP-FTP4LHC)\\Documents\\PortfolioProjects\\Appointment-Reservations\\server\\src\\models\\patientAppointment.ts": {"path":"C:\\Users\\Dovid\\Dropbox\\My PC (DESKTOP-FTP4LHC)\\Documents\\PortfolioProjects\\Appointment-Reservations\\server\\src\\models\\patientAppointment.ts","statementMap":{"0":{"start":{"line":1,"column":0},"end":{"line":1,"column":70}},"1":{"start":{"line":6,"column":7},"end":{"line":45,"column":null}},"2":{"start":{"line":13,"column":4},"end":{"line":13,"column":null}},"3":{"start":{"line":18,"column":4},"end":{"line":18,"column":null}},"4":{"start":{"line":24,"column":4},"end":{"line":24,"column":null}},"5":{"start":{"line":30,"column":4},"end":{"line":30,"column":null}},"6":{"start":{"line":36,"column":4},"end":{"line":36,"column":null}},"7":{"start":{"line":43,"column":4},"end":{"line":43,"column":null}},"8":{"start":{"line":6,"column":13},"end":{"line":45,"column":null}},"9":{"start":{"line":6,"column":13},"end":{"line":6,"column":31}}},"fnMap":{},"branchMap":{},"s":{"0":1,"1":1,"2":1,"3":1,"4":1,"5":1,"6":1,"7":1,"8":1,"9":1},"f":{},"b":{}}
,"C:\\Users\\Dovid\\Dropbox\\My PC (DESKTOP-FTP4LHC)\\Documents\\PortfolioProjects\\Appointment-Reservations\\server\\src\\models\\provider.ts": {"path":"C:\\Users\\Dovid\\Dropbox\\My PC (DESKTOP-FTP4LHC)\\Documents\\PortfolioProjects\\Appointment-Reservations\\server\\src\\models\\provider.ts","statementMap":{"0":{"start":{"line":1,"column":0},"end":{"line":1,"column":70}},"1":{"start":{"line":6,"column":7},"end":{"line":19,"column":null}},"2":{"start":{"line":12,"column":4},"end":{"line":12,"column":null}},"3":{"start":{"line":18,"column":4},"end":{"line":18,"column":null}},"4":{"start":{"line":6,"column":13},"end":{"line":19,"column":null}},"5":{"start":{"line":6,"column":13},"end":{"line":6,"column":21}}},"fnMap":{},"branchMap":{},"s":{"0":1,"1":1,"2":1,"3":1,"4":1,"5":1},"f":{},"b":{}}
,"C:\\Users\\Dovid\\Dropbox\\My PC (DESKTOP-FTP4LHC)\\Documents\\PortfolioProjects\\Appointment-Reservations\\server\\src\\models\\providerAvailability.ts": {"path":"C:\\Users\\Dovid\\Dropbox\\My PC (DESKTOP-FTP4LHC)\\Documents\\PortfolioProjects\\Appointment-Reservations\\server\\src\\models\\providerAvailability.ts","statementMap":{"0":{"start":{"line":1,"column":0},"end":{"line":1,"column":70}},"1":{"start":{"line":7,"column":7},"end":{"line":34,"column":null}},"2":{"start":{"line":13,"column":4},"end":{"line":13,"column":null}},"3":{"start":{"line":20,"column":4},"end":{"line":20,"column":null}},"4":{"start":{"line":27,"column":4},"end":{"line":27,"column":null}},"5":{"start":{"line":33,"column":4},"end":{"line":33,"column":null}},"6":{"start":{"line":7,"column":13},"end":{"line":34,"column":null}},"7":{"start":{"line":7,"column":13},"end":{"line":7,"column":33}}},"fnMap":{},"branchMap":{},"s":{"0":1,"1":1,"2":1,"3":1,"4":1,"5":1,"6":1,"7":1},"f":{},"b":{}}
,"C:\\Users\\Dovid\\Dropbox\\My PC (DESKTOP-FTP4LHC)\\Documents\\PortfolioProjects\\Appointment-Reservations\\server\\src\\modules\\appointment.ts": {"path":"C:\\Users\\Dovid\\Dropbox\\My PC (DESKTOP-FTP4LHC)\\Documents\\PortfolioProjects\\Appointment-Reservations\\server\\src\\modules\\appointment.ts","statementMap":{"0":{"start":{"line":1,"column":0},"end":{"line":1,"column":53}},"1":{"start":{"line":3,"column":21},"end":{"line":5,"column":1}},"2":{"start":{"line":4,"column":4},"end":{"line":4,"column":59}},"3":{"start":{"line":4,"column":34},"end":{"line":4,"column":57}},"4":{"start":{"line":9,"column":40},"end":{"line":25,"column":2}},"5":{"start":{"line":9,"column":83},"end":{"line":25,"column":2}},"6":{"start":{"line":10,"column":4},"end":{"line":10,"column":27}},"7":{"start":{"line":11,"column":24},"end":{"line":15,"column":6}},"8":{"start":{"line":16,"column":4},"end":{"line":24,"column":null}},"9":{"start":{"line":17,"column":8},"end":{"line":23,"column":null}},"10":{"start":{"line":18,"column":12},"end":{"line":22,"column":15}},"11":{"start":{"line":28,"column":4},"end":{"line":28,"column":35}}},"fnMap":{"0":{"name":"(anonymous_7)","decl":{"start":{"line":3,"column":21},"end":{"line":3,"column":22}},"loc":{"start":{"line":3,"column":48},"end":{"line":5,"column":1}}},"1":{"name":"(anonymous_8)","decl":{"start":{"line":4,"column":23},"end":{"line":4,"column":30}},"loc":{"start":{"line":4,"column":34},"end":{"line":4,"column":57}}},"2":{"name":"(anonymous_9)","decl":{"start":{"line":9,"column":40},"end":{"line":9,"column":46}},"loc":{"start":{"line":9,"column":83},"end":{"line":25,"column":2}}},"3":{"name":"(anonymous_10)","decl":{"start":{"line":9,"column":83},"end":{"line":9,"column":null}},"loc":{"start":{"line":9,"column":83},"end":{"line":25,"column":1}}}},"branchMap":{"0":{"loc":{"start":{"line":16,"column":4},"end":{"line":24,"column":null}},"type":"if","locations":[{"start":{"line":16,"column":4},"end":{"line":24,"column":null}}]},"1":{"loc":{"start":{"line":17,"column":8},"end":{"line":23,"column":null}},"type":"if","locations":[{"start":{"line":17,"column":8},"end":{"line":23,"column":null}}]}},"s":{"0":1,"1":1,"2":0,"3":0,"4":1,"5":0,"6":0,"7":0,"8":0,"9":0,"10":0,"11":1},"f":{"0":0,"1":0,"2":0,"3":0},"b":{"0":[0],"1":[0]}}
,"C:\\Users\\Dovid\\Dropbox\\My PC (DESKTOP-FTP4LHC)\\Documents\\PortfolioProjects\\Appointment-Reservations\\server\\src\\routes\\appointments.ts": {"path":"C:\\Users\\Dovid\\Dropbox\\My PC (DESKTOP-FTP4LHC)\\Documents\\PortfolioProjects\\Appointment-Reservations\\server\\src\\routes\\appointments.ts","statementMap":{"0":{"start":{"line":1,"column":0},"end":{"line":1,"column":53}},"1":{"start":{"line":2,"column":0},"end":{"line":2,"column":71}},"2":{"start":{"line":3,"column":0},"end":{"line":3,"column":28}},"3":{"start":{"line":4,"column":0},"end":{"line":4,"column":60}},"4":{"start":{"line":13,"column":15},"end":{"line":13,"column":31}},"5":{"start":{"line":15,"column":0},"end":{"line":49,"column":3}},"6":{"start":{"line":15,"column":34},"end":{"line":49,"column":2}},"7":{"start":{"line":16,"column":4},"end":{"line":16,"column":null}},"8":{"start":{"line":17,"column":4},"end":{"line":17,"column":37}},"9":{"start":{"line":18,"column":22},"end":{"line":18,"column":33}},"10":{"start":{"line":19,"column":4},"end":{"line":19,"column":25}},"11":{"start":{"line":20,"column":4},"end":{"line":48,"column":null}},"12":{"start":{"line":21,"column":8},"end":{"line":21,"column":76}},"13":{"start":{"line":22,"column":36},"end":{"line":27,"column":10}},"14":{"start":{"line":28,"column":8},"end":{"line":28,"column":41}},"15":{"start":{"line":29,"column":35},"end":{"line":39,"column":null}},"16":{"start":{"line":30,"column":83},"end":{"line":30,"column":94}},"17":{"start":{"line":31,"column":12},"end":{"line":38,"column":null}},"18":{"start":{"line":41,"column":8},"end":{"line":41,"column":111}},"19":{"start":{"line":44,"column":8},"end":{"line":44,"column":25}},"20":{"start":{"line":45,"column":8},"end":{"line":47,"column":75}},"21":{"start":{"line":51,"column":0},"end":{"line":80,"column":3}},"22":{"start":{"line":51,"column":38},"end":{"line":80,"column":2}},"23":{"start":{"line":52,"column":4},"end":{"line":79,"column":null}},"24":{"start":{"line":53,"column":26},"end":{"line":53,"column":37}},"25":{"start":{"line":54,"column":42},"end":{"line":54,"column":50}},"26":{"start":{"line":55,"column":25},"end":{"line":55,"column":67}},"27":{"start":{"line":56,"column":25},"end":{"line":56,"column":90}},"28":{"start":{"line":58,"column":23},"end":{"line":58,"column":63}},"29":{"start":{"line":60,"column":8},"end":{"line":72,"column":null}},"30":{"start":{"line":61,"column":29},"end":{"line":66,"column":14}},"31":{"start":{"line":67,"column":34},"end":{"line":67,"column":48}},"32":{"start":{"line":68,"column":12},"end":{"line":68,"column":84}},"33":{"start":{"line":69,"column":12},"end":{"line":69,"column":122}},"34":{"start":{"line":71,"column":12},"end":{"line":71,"column":116}},"35":{"start":{"line":75,"column":8},"end":{"line":75,"column":25}},"36":{"start":{"line":76,"column":8},"end":{"line":78,"column":75}},"37":{"start":{"line":82,"column":0},"end":{"line":103,"column":3}},"38":{"start":{"line":82,"column":42},"end":{"line":103,"column":2}},"39":{"start":{"line":83,"column":29},"end":{"line":83,"column":37}},"40":{"start":{"line":84,"column":4},"end":{"line":102,"column":null}},"41":{"start":{"line":85,"column":31},"end":{"line":91,"column":10}},"42":{"start":{"line":92,"column":8},"end":{"line":97,"column":null}},"43":{"start":{"line":93,"column":12},"end":{"line":93,"column":107}},"44":{"start":{"line":96,"column":12},"end":{"line":96,"column":96}},"45":{"start":{"line":100,"column":8},"end":{"line":100,"column":23}},"46":{"start":{"line":101,"column":8},"end":{"line":101,"column":87}},"47":{"start":{"line":105,"column":0},"end":{"line":105,"column":22}}},"fnMap":{"0":{"name":"(anonymous_8)","decl":{"start":{"line":15,"column":16},"end":{"line":15,"column":22}},"loc":{"start":{"line":15,"column":34},"end":{"line":49,"column":2}}},"1":{"name":"(anonymous_9)","decl":{"start":{"line":15,"column":34},"end":{"line":15,"column":null}},"loc":{"start":{"line":15,"column":34},"end":{"line":49,"column":1}}},"2":{"name":"(anonymous_10)","decl":{"start":{"line":29,"column":59},"end":{"line":29,"column":60}},"loc":{"start":{"line":29,"column":75},"end":{"line":39,"column":9}}},"3":{"name":"(anonymous_11)","decl":{"start":{"line":51,"column":20},"end":{"line":51,"column":26}},"loc":{"start":{"line":51,"column":38},"end":{"line":80,"column":2}}},"4":{"name":"(anonymous_12)","decl":{"start":{"line":51,"column":38},"end":{"line":51,"column":null}},"loc":{"start":{"line":51,"column":38},"end":{"line":80,"column":1}}},"5":{"name":"(anonymous_13)","decl":{"start":{"line":82,"column":24},"end":{"line":82,"column":30}},"loc":{"start":{"line":82,"column":42},"end":{"line":103,"column":2}}},"6":{"name":"(anonymous_14)","decl":{"start":{"line":82,"column":42},"end":{"line":82,"column":null}},"loc":{"start":{"line":82,"column":42},"end":{"line":103,"column":1}}}},"branchMap":{"0":{"loc":{"start":{"line":60,"column":8},"end":{"line":72,"column":null}},"type":"if","locations":[{"start":{"line":60,"column":8},"end":{"line":72,"column":null}},{"start":{"line":70,"column":13},"end":{"line":72,"column":null}}]},"1":{"loc":{"start":{"line":92,"column":8},"end":{"line":97,"column":null}},"type":"if","locations":[{"start":{"line":92,"column":8},"end":{"line":97,"column":null}},{"start":{"line":95,"column":12},"end":{"line":97,"column":null}}]}},"s":{"0":1,"1":1,"2":1,"3":1,"4":1,"5":1,"6":0,"7":0,"8":0,"9":0,"10":0,"11":0,"12":0,"13":0,"14":0,"15":0,"16":0,"17":0,"18":0,"19":0,"20":0,"21":1,"22":0,"23":0,"24":0,"25":0,"26":0,"27":0,"28":0,"29":0,"30":0,"31":0,"32":0,"33":0,"34":0,"35":0,"36":0,"37":1,"38":0,"39":0,"40":0,"41":0,"42":0,"43":0,"44":0,"45":0,"46":0,"47":1},"f":{"0":0,"1":0,"2":0,"3":0,"4":0,"5":0,"6":0},"b":{"0":[0,0],"1":[0,0]}}
,"C:\\Users\\Dovid\\Dropbox\\My PC (DESKTOP-FTP4LHC)\\Documents\\PortfolioProjects\\Appointment-Reservations\\server\\src\\routes\\auth.ts": {"path":"C:\\Users\\Dovid\\Dropbox\\My PC (DESKTOP-FTP4LHC)\\Documents\\PortfolioProjects\\Appointment-Reservations\\server\\src\\routes\\auth.ts","statementMap":{"0":{"start":{"line":1,"column":0},"end":{"line":1,"column":30}},"1":{"start":{"line":2,"column":0},"end":{"line":2,"column":84}},"2":{"start":{"line":3,"column":15},"end":{"line":3,"column":31}},"3":{"start":{"line":11,"column":0},"end":{"line":11,"column":38}},"4":{"start":{"line":12,"column":0},"end":{"line":12,"column":41}},"5":{"start":{"line":14,"column":0},"end":{"line":14,"column":22}}},"fnMap":{},"branchMap":{},"s":{"0":1,"1":1,"2":1,"3":1,"4":1,"5":1},"f":{},"b":{}}
,"C:\\Users\\Dovid\\Dropbox\\My PC (DESKTOP-FTP4LHC)\\Documents\\PortfolioProjects\\Appointment-Reservations\\server\\src\\routes\\patients.ts": {"path":"C:\\Users\\Dovid\\Dropbox\\My PC (DESKTOP-FTP4LHC)\\Documents\\PortfolioProjects\\Appointment-Reservations\\server\\src\\routes\\patients.ts","statementMap":{"0":{"start":{"line":1,"column":0},"end":{"line":1,"column":51}},"1":{"start":{"line":2,"column":0},"end":{"line":2,"column":42}},"2":{"start":{"line":3,"column":15},"end":{"line":3,"column":31}},"3":{"start":{"line":5,"column":0},"end":{"line":22,"column":3}},"4":{"start":{"line":5,"column":60},"end":{"line":22,"column":2}},"5":{"start":{"line":6,"column":23},"end":{"line":6,"column":31}},"6":{"start":{"line":7,"column":4},"end":{"line":21,"column":null}},"7":{"start":{"line":8,"column":8},"end":{"line":11,"column":11}},"8":{"start":{"line":12,"column":8},"end":{"line":12,"column":72}},"9":{"start":{"line":15,"column":8},"end":{"line":20,"column":null}},"10":{"start":{"line":16,"column":12},"end":{"line":16,"column":70}},"11":{"start":{"line":19,"column":12},"end":{"line":19,"column":69}},"12":{"start":{"line":26,"column":0},"end":{"line":26,"column":22}}},"fnMap":{"0":{"name":"(anonymous_8)","decl":{"start":{"line":5,"column":23},"end":{"line":5,"column":29}},"loc":{"start":{"line":5,"column":60},"end":{"line":22,"column":2}}},"1":{"name":"(anonymous_9)","decl":{"start":{"line":5,"column":60},"end":{"line":5,"column":null}},"loc":{"start":{"line":5,"column":60},"end":{"line":22,"column":1}}}},"branchMap":{"0":{"loc":{"start":{"line":15,"column":8},"end":{"line":20,"column":null}},"type":"if","locations":[{"start":{"line":15,"column":8},"end":{"line":20,"column":null}},{"start":{"line":18,"column":12},"end":{"line":20,"column":null}}]}},"s":{"0":1,"1":1,"2":1,"3":1,"4":0,"5":0,"6":0,"7":0,"8":0,"9":0,"10":0,"11":0,"12":1},"f":{"0":0,"1":0},"b":{"0":[0,0]}}
,"C:\\Users\\Dovid\\Dropbox\\My PC (DESKTOP-FTP4LHC)\\Documents\\PortfolioProjects\\Appointment-Reservations\\server\\src\\routes\\providers.ts": {"path":"C:\\Users\\Dovid\\Dropbox\\My PC (DESKTOP-FTP4LHC)\\Documents\\PortfolioProjects\\Appointment-Reservations\\server\\src\\routes\\providers.ts","statementMap":{"0":{"start":{"line":1,"column":0},"end":{"line":1,"column":51}},"1":{"start":{"line":2,"column":0},"end":{"line":2,"column":28}},"2":{"start":{"line":3,"column":15},"end":{"line":3,"column":31}},"3":{"start":{"line":4,"column":0},"end":{"line":4,"column":85}},"4":{"start":{"line":6,"column":0},"end":{"line":23,"column":3}},"5":{"start":{"line":6,"column":41},"end":{"line":23,"column":2}},"6":{"start":{"line":7,"column":23},"end":{"line":7,"column":31}},"7":{"start":{"line":8,"column":4},"end":{"line":22,"column":null}},"8":{"start":{"line":9,"column":8},"end":{"line":12,"column":11}},"9":{"start":{"line":13,"column":8},"end":{"line":13,"column":73}},"10":{"start":{"line":16,"column":8},"end":{"line":21,"column":null}},"11":{"start":{"line":17,"column":12},"end":{"line":17,"column":71}},"12":{"start":{"line":20,"column":12},"end":{"line":20,"column":69}},"13":{"start":{"line":25,"column":0},"end":{"line":35,"column":3}},"14":{"start":{"line":25,"column":38},"end":{"line":35,"column":2}},"15":{"start":{"line":26,"column":4},"end":{"line":34,"column":null}},"16":{"start":{"line":27,"column":26},"end":{"line":27,"column":50}},"17":{"start":{"line":28,"column":8},"end":{"line":28,"column":40}},"18":{"start":{"line":31,"column":8},"end":{"line":33,"column":64}},"19":{"start":{"line":37,"column":0},"end":{"line":60,"column":3}},"20":{"start":{"line":37,"column":51},"end":{"line":60,"column":2}},"21":{"start":{"line":38,"column":4},"end":{"line":38,"column":38}},"22":{"start":{"line":39,"column":23},"end":{"line":39,"column":34}},"23":{"start":{"line":40,"column":41},"end":{"line":40,"column":49}},"24":{"start":{"line":41,"column":21},"end":{"line":41,"column":54}},"25":{"start":{"line":42,"column":4},"end":{"line":59,"column":null}},"26":{"start":{"line":43,"column":8},"end":{"line":48,"column":11}},"27":{"start":{"line":49,"column":8},"end":{"line":49,"column":82}},"28":{"start":{"line":52,"column":8},"end":{"line":52,"column":25}},"29":{"start":{"line":53,"column":8},"end":{"line":58,"column":null}},"30":{"start":{"line":54,"column":12},"end":{"line":54,"column":84}},"31":{"start":{"line":57,"column":12},"end":{"line":57,"column":69}},"32":{"start":{"line":62,"column":0},"end":{"line":84,"column":3}},"33":{"start":{"line":62,"column":49},"end":{"line":84,"column":2}},"34":{"start":{"line":63,"column":26},"end":{"line":63,"column":35}},"35":{"start":{"line":64,"column":4},"end":{"line":66,"column":null}},"36":{"start":{"line":65,"column":8},"end":{"line":65,"column":63}},"37":{"start":{"line":67,"column":4},"end":{"line":83,"column":null}},"38":{"start":{"line":68,"column":37},"end":{"line":73,"column":10}},"39":{"start":{"line":74,"column":30},"end":{"line":76,"column":10}},"40":{"start":{"line":75,"column":12},"end":{"line":75,"column":66}},"41":{"start":{"line":77,"column":8},"end":{"line":77,"column":44}},"42":{"start":{"line":80,"column":8},"end":{"line":82,"column":76}},"43":{"start":{"line":86,"column":0},"end":{"line":132,"column":3}},"44":{"start":{"line":86,"column":49},"end":{"line":132,"column":2}},"45":{"start":{"line":87,"column":32},"end":{"line":87,"column":41}},"46":{"start":{"line":88,"column":4},"end":{"line":90,"column":null}},"47":{"start":{"line":89,"column":8},"end":{"line":89,"column":71}},"48":{"start":{"line":91,"column":27},"end":{"line":91,"column":29}},"49":{"start":{"line":92,"column":4},"end":{"line":131,"column":null}},"50":{"start":{"line":93,"column":37},"end":{"line":98,"column":10}},"51":{"start":{"line":99,"column":36},"end":{"line":104,"column":10}},"52":{"start":{"line":105,"column":33},"end":{"line":107,"column":10}},"53":{"start":{"line":106,"column":12},"end":{"line":106,"column":54}},"54":{"start":{"line":108,"column":8},"end":{"line":124,"column":null}},"55":{"start":{"line":109,"column":23},"end":{"line":109,"column":51}},"56":{"start":{"line":110,"column":29},"end":{"line":110,"column":58}},"57":{"start":{"line":111,"column":28},"end":{"line":111,"column":55}},"58":{"start":{"line":112,"column":12},"end":{"line":123,"column":null}},"59":{"start":{"line":114,"column":33},"end":{"line":116,"column":18}},"60":{"start":{"line":115,"column":20},"end":{"line":115,"column":56}},"61":{"start":{"line":117,"column":33},"end":{"line":117,"column":111}},"62":{"start":{"line":118,"column":34},"end":{"line":118,"column":66}},"63":{"start":{"line":119,"column":16},"end":{"line":121,"column":null}},"64":{"start":{"line":120,"column":20},"end":{"line":120,"column":75}},"65":{"start":{"line":122,"column":16},"end":{"line":122,"column":57}},"66":{"start":{"line":125,"column":8},"end":{"line":125,"column":45}},"67":{"start":{"line":128,"column":8},"end":{"line":130,"column":76}},"68":{"start":{"line":134,"column":0},"end":{"line":134,"column":22}}},"fnMap":{"0":{"name":"(anonymous_8)","decl":{"start":{"line":6,"column":23},"end":{"line":6,"column":29}},"loc":{"start":{"line":6,"column":41},"end":{"line":23,"column":2}}},"1":{"name":"(anonymous_9)","decl":{"start":{"line":6,"column":41},"end":{"line":6,"column":null}},"loc":{"start":{"line":6,"column":41},"end":{"line":23,"column":1}}},"2":{"name":"(anonymous_10)","decl":{"start":{"line":25,"column":20},"end":{"line":25,"column":26}},"loc":{"start":{"line":25,"column":38},"end":{"line":35,"column":2}}},"3":{"name":"(anonymous_11)","decl":{"start":{"line":25,"column":38},"end":{"line":25,"column":null}},"loc":{"start":{"line":25,"column":38},"end":{"line":35,"column":1}}},"4":{"name":"(anonymous_12)","decl":{"start":{"line":37,"column":33},"end":{"line":37,"column":39}},"loc":{"start":{"line":37,"column":51},"end":{"line":60,"column":2}}},"5":{"name":"(anonymous_13)","decl":{"start":{"line":37,"column":51},"end":{"line":37,"column":null}},"loc":{"start":{"line":37,"column":51},"end":{"line":60,"column":1}}},"6":{"name":"(anonymous_14)","decl":{"start":{"line":62,"column":31},"end":{"line":62,"column":37}},"loc":{"start":{"line":62,"column":49},"end":{"line":84,"column":2}}},"7":{"name":"(anonymous_15)","decl":{"start":{"line":62,"column":49},"end":{"line":62,"column":null}},"loc":{"start":{"line":62,"column":49},"end":{"line":84,"column":1}}},"8":{"name":"(anonymous_16)","decl":{"start":{"line":74,"column":55},"end":{"line":74,"column":56}},"loc":{"start":{"line":74,"column":103},"end":{"line":76,"column":9}}},"9":{"name":"(anonymous_17)","decl":{"start":{"line":86,"column":31},"end":{"line":86,"column":37}},"loc":{"start":{"line":86,"column":49},"end":{"line":132,"column":2}}},"10":{"name":"(anonymous_18)","decl":{"start":{"line":86,"column":49},"end":{"line":86,"column":null}},"loc":{"start":{"line":86,"column":49},"end":{"line":132,"column":1}}},"11":{"name":"(anonymous_19)","decl":{"start":{"line":105,"column":57},"end":{"line":105,"column":58}},"loc":{"start":{"line":105,"column":105},"end":{"line":107,"column":9}}},"12":{"name":"(anonymous_20)","decl":{"start":{"line":114,"column":55},"end":{"line":114,"column":56}},"loc":{"start":{"line":114,"column":113},"end":{"line":116,"column":17}}}},"branchMap":{"0":{"loc":{"start":{"line":16,"column":8},"end":{"line":21,"column":null}},"type":"if","locations":[{"start":{"line":16,"column":8},"end":{"line":21,"column":null}},{"start":{"line":19,"column":12},"end":{"line":21,"column":null}}]},"1":{"loc":{"start":{"line":53,"column":8},"end":{"line":58,"column":null}},"type":"if","locations":[{"start":{"line":53,"column":8},"end":{"line":58,"column":null}},{"start":{"line":56,"column":12},"end":{"line":58,"column":null}}]},"2":{"loc":{"start":{"line":64,"column":4},"end":{"line":66,"column":null}},"type":"if","locations":[{"start":{"line":64,"column":4},"end":{"line":66,"column":null}}]},"3":{"loc":{"start":{"line":88,"column":4},"end":{"line":90,"column":null}},"type":"if","locations":[{"start":{"line":88,"column":4},"end":{"line":90,"column":null}}]},"4":{"loc":{"start":{"line":88,"column":7},"end":{"line":88,"column":28}},"type":"binary-expr","locations":[{"start":{"line":88,"column":7},"end":{"line":88,"column":19}},{"start":{"line":88,"column":23},"end":{"line":88,"column":28}}]},"5":{"loc":{"start":{"line":119,"column":16},"end":{"line":121,"column":null}},"type":"if","locations":[{"start":{"line":119,"column":16},"end":{"line":121,"column":null}}]},"6":{"loc":{"start":{"line":119,"column":19},"end":{"line":119,"column":47}},"type":"binary-expr","locations":[{"start":{"line":119,"column":19},"end":{"line":119,"column":28}},{"start":{"line":119,"column":32},"end":{"line":119,"column":47}}]}},"s":{"0":1,"1":1,"2":1,"3":1,"4":1,"5":0,"6":0,"7":0,"8":0,"9":0,"10":0,"11":0,"12":0,"13":1,"14":0,"15":0,"16":0,"17":0,"18":0,"19":1,"20":0,"21":0,"22":0,"23":0,"24":0,"25":0,"26":0,"27":0,"28":0,"29":0,"30":0,"31":0,"32":1,"33":0,"34":0,"35":0,"36":0,"37":0,"38":0,"39":0,"40":0,"41":0,"42":0,"43":1,"44":0,"45":0,"46":0,"47":0,"48":0,"49":0,"50":0,"51":0,"52":0,"53":0,"54":0,"55":0,"56":0,"57":0,"58":0,"59":0,"60":0,"61":0,"62":0,"63":0,"64":0,"65":0,"66":0,"67":0,"68":1},"f":{"0":0,"1":0,"2":0,"3":0,"4":0,"5":0,"6":0,"7":0,"8":0,"9":0,"10":0,"11":0,"12":0},"b":{"0":[0,0],"1":[0,0],"2":[0],"3":[0],"4":[0,0],"5":[0],"6":[0,0]}}
}
